2019-05-30T09:51:18.283Z - info:   [03176] *** FOLDER: c:\Users\RussellKallman\Documents\AL\TFB Tenant Specific Extensions\TFB_BC_Core ***
2019-05-30T09:51:18.284Z - info:   [03176] AzureReposVSCode/1.149.2 (VSCode 1.34.0; Windows_NT 10.0.17763; Node 10.2.0)
2019-05-30T09:51:18.284Z - debug:  [03176] Looking for an External Context at c:\Users\RussellKallman\Documents\AL\TFB Tenant Specific Extensions\TFB_BC_Core
2019-05-30T09:51:18.284Z - debug:  [03176] No External Context at c:\Users\RussellKallman\Documents\AL\TFB Tenant Specific Extensions\TFB_BC_Core
2019-05-30T09:51:18.298Z - debug:  [03176] _isTeamServicesUrl: true
2019-05-30T09:51:18.298Z - debug:  [03176] Parsing values from repositoryInfo as string url
2019-05-30T09:51:18.344Z - error:  [03176] You are not connected to Azure DevOps Services (russell0640). Please run the 'team signin' command.
2019-05-30T10:00:21.862Z - debug:  [03176] Reinitializing due to onDidChangeConfiguration
2019-05-30T10:00:21.862Z - debug:  [03176] Polling interval value (minutes): 5
2019-05-30T10:00:21.862Z - debug:  [03176] Polling interval must be greater than 10 minutes.
2019-05-30T10:00:21.865Z - info:   [03176] *** FOLDER: c:\Users\RussellKallman\Documents\AL\TFB Tenant Specific Extensions\TFB_BC_Core ***
2019-05-30T10:00:21.865Z - info:   [03176] AzureReposVSCode/1.149.2 (VSCode 1.34.0; Windows_NT 10.0.17763; Node 10.2.0)
2019-05-30T10:00:21.865Z - debug:  [03176] Looking for an External Context at c:\Users\RussellKallman\Documents\AL\TFB Tenant Specific Extensions\TFB_BC_Core
2019-05-30T10:00:21.865Z - debug:  [03176] No External Context at c:\Users\RussellKallman\Documents\AL\TFB Tenant Specific Extensions\TFB_BC_Core
2019-05-30T10:00:21.881Z - debug:  [03176] _isTeamServicesUrl: true
2019-05-30T10:00:21.881Z - debug:  [03176] Parsing values from repositoryInfo as string url
2019-05-30T10:00:21.925Z - error:  [03176] You are not connected to Azure DevOps Services (russell0640). Please run the 'team signin' command.
2019-05-30T10:00:59.700Z - debug:  [03176] Starting sign in process
2019-05-30T10:01:01.967Z - debug:  [03176] Device flow personal access token option chosen.
2019-05-30T10:01:04.510Z - debug:  [03176] User has canceled the device flow authentication mechanism.
2019-05-30T10:01:14.045Z - debug:  [03176] Starting sign in process
2019-05-30T10:01:15.981Z - debug:  [03176] Device flow personal access token option chosen.
2019-05-30T10:01:37.277Z - info:   [03176] Signin: Personal Access Token provided as authentication.
2019-05-30T10:01:37.348Z - debug:  [03176] Reinitializing after successfully storing credentials for Azure DevOps Services.
2019-05-30T10:01:37.350Z - debug:  [03176] Polling interval value (minutes): 5
2019-05-30T10:01:37.350Z - debug:  [03176] Polling interval must be greater than 10 minutes.
2019-05-30T10:01:37.351Z - info:   [03176] *** FOLDER: c:\Users\RussellKallman\Documents\AL\TFB Tenant Specific Extensions\TFB_BC_Core ***
2019-05-30T10:01:37.351Z - info:   [03176] AzureReposVSCode/1.149.2 (VSCode 1.34.0; Windows_NT 10.0.17763; Node 10.2.0)
2019-05-30T10:01:37.351Z - debug:  [03176] Looking for an External Context at c:\Users\RussellKallman\Documents\AL\TFB Tenant Specific Extensions\TFB_BC_Core
2019-05-30T10:01:37.352Z - debug:  [03176] No External Context at c:\Users\RussellKallman\Documents\AL\TFB Tenant Specific Extensions\TFB_BC_Core
2019-05-30T10:01:37.354Z - debug:  [03176] _isTeamServicesUrl: true
2019-05-30T10:01:37.354Z - debug:  [03176] Parsing values from repositoryInfo as string url
2019-05-30T10:01:37.401Z - debug:  [03176] Started ApplicationInsights telemetry
2019-05-30T10:01:37.402Z - info:   [03176] Getting repository information with repositoryInfoClient
2019-05-30T10:01:37.403Z - debug:  [03176] RemoteUrl = https://dev.azure.com/russell0640/Business%20Central%20for%20TFB/_git/TFB_BC_Core
2019-05-30T10:01:37.403Z - debug:  [03176] Getting repository information for a Git repository at https://dev.azure.com/russell0640/Business%20Central%20for%20TFB/_git/TFB_BC_Core
2019-05-30T10:01:37.740Z - debug:  [03176] Repository information blob:
2019-05-30T10:01:37.740Z - debug:  serverUrl=https://dev.azure.com/russell0640, id=45a01cc7-0a90-4cf3-a861-3b670ded71c5, name=russell0640, url=https://dev.azure.com/russell0640/_apis/projectCollections/45a01cc7-0a90-4cf3-a861-3b670ded71c5, id=fb18d3fc-e6b0-4d3f-a437-7c8440c87e78, name=TFB_BC_Core, url=https://dev.azure.com/russell0640/_apis/git/repositories/fb18d3fc-e6b0-4d3f-a437-7c8440c87e78, id=bc7689df-a090-4e78-a35f-bbfb3284fa4a, name=Business Central for TFB, description=Self configuration of Microsoft Business CEntral, url=https://dev.azure.com/russell0640/_apis/projects/bc7689df-a090-4e78-a35f-bbfb3284fa4a, state=1, revision=15, visibility=0, lastUpdateTime=2019-05-27T08:06:41.99Z, size=24688137, remoteUrl=https://russell0640@dev.azure.com/russell0640/Business%20Central%20for%20TFB/_git/TFB_BC_Core
2019-05-30T10:01:37.741Z - debug:  [03176] _isTeamServicesUrl: true
2019-05-30T10:01:37.741Z - debug:  [03176] Parsing values from repositoryInfo object as any
2019-05-30T10:01:37.741Z - debug:  [03176] _collection: russell0640
2019-05-30T10:01:37.741Z - debug:  [03176] _collectionId: 45a01cc7-0a90-4cf3-a861-3b670ded71c5
2019-05-30T10:01:37.741Z - debug:  [03176] _repositoryId: fb18d3fc-e6b0-4d3f-a437-7c8440c87e78
2019-05-30T10:01:37.741Z - debug:  [03176] _repositoryName: TFB_BC_Core
2019-05-30T10:01:37.741Z - debug:  [03176] _teamProject: Business Central for TFB
2019-05-30T10:01:37.742Z - debug:  [03176] Finished getting repository information for a Git repository at https://dev.azure.com/russell0640/Business%20Central%20for%20TFB/_git/TFB_BC_Core
2019-05-30T10:01:37.742Z - info:   [03176] Getting connectionData with accountClient
2019-05-30T10:01:37.742Z - debug:  [03176] connectionUrl = https://dev.azure.com/russell0640
2019-05-30T10:01:37.820Z - info:   [03176] Retrieved connectionData with accountClient
2019-05-30T10:01:37.821Z - debug:  [03176] Found pinned queries in user configuration settings.
2019-05-30T10:01:37.821Z - debug:  [03176] No account-specific pinned query or global pinned query found. Using default.
2019-05-30T10:01:37.822Z - info:   [03176] Sent extension start up telemetry
2019-05-30T10:01:37.822Z - debug:  id=9c8c9741-37aa-6862-8468-c73adb4b178b, descriptor=Microsoft.IdentityModel.Claims.ClaimsIdentity;3ce2aa56-64db-4048-9ae4-f0bf827f4459\russell@tfbtrading.com.au, subjectDescriptor=aad.OWM4Yzk3NDEtMzdhYS03ODYyLTg0NjgtYzczYWRiNGIxNzhi, providerDisplayName=Russell Kallman, isActive=true, $type=System.String, $value=russell@tfbtrading.com.au, resourceVersion=2, metaTypeId=0, id=9c8c9741-37aa-6862-8468-c73adb4b178b, descriptor=Microsoft.IdentityModel.Claims.ClaimsIdentity;3ce2aa56-64db-4048-9ae4-f0bf827f4459\russell@tfbtrading.com.au, subjectDescriptor=aad.OWM4Yzk3NDEtMzdhYS03ODYyLTg0NjgtYzczYWRiNGIxNzhi, providerDisplayName=Russell Kallman, isActive=true, $type=System.String, $value=russell@tfbtrading.com.au, resourceVersion=2, metaTypeId=0, instanceId=45a01cc7-0a90-4cf3-a861-3b670ded71c5, deploymentId=82bbd8fd-0b52-0619-71dd-a91e6ecc3650, deploymentType=hosted, serviceOwner=00025394-6065-48ca-87d9-7f5672854ef7, defaultAccessMappingMoniker=PublicAccessMapping, lastChangeId=233144348, lastChangeId64=233144348
2019-05-30T10:01:37.823Z - debug:  [03176] Account: russell0640 Team Project: Business Central for TFB Collection: russell0640 Repository: TFB_BC_Core UserCustomDisplayName: undefined UserProviderDisplayName: Russell Kallman UserId: 9c8c9741-37aa-6862-8468-c73adb4b178b 
2019-05-30T10:01:37.823Z - debug:  [03176] repositoryFolder: c:\Users\RussellKallman\Documents\AL\TFB Tenant Specific Extensions\TFB_BC_Core\.git
2019-05-30T10:01:37.823Z - debug:  [03176] repositoryRemoteUrl: https://dev.azure.com/russell0640/Business%20Central%20for%20TFB/_git/TFB_BC_Core
2019-05-30T10:01:37.823Z - debug:  [03176] gitRepositoryParentFolder: c:\Users\RussellKallman\Documents\AL\TFB Tenant Specific Extensions\TFB_BC_Core
2019-05-30T10:01:37.823Z - debug:  [03176] gitCurrentBranch: BrokerContract
2019-05-30T10:01:37.824Z - debug:  [03176] gitCurrentRef: refs/heads/BrokerContract
2019-05-30T10:01:37.824Z - debug:  [03176] IsSsh: true
2019-05-30T10:01:37.824Z - debug:  [03176] proxy: not enabled, azure devops services: true
2019-05-30T10:01:41.822Z - info:   [03176] Polling for pull requests...
2019-05-30T10:01:41.823Z - info:   [03176] Getting pull requests that I requested...
2019-05-30T10:01:41.824Z - info:   [03176] Polling for latest current build status...
2019-05-30T10:01:41.825Z - info:   [03176] Getting current build from badge...
2019-05-30T10:01:41.825Z - info:   [03176] Polling for the pinned work itemquery
2019-05-30T10:01:41.825Z - info:   [03176] Running pinned work item query to get count (Business Central for TFB)...
2019-05-30T10:01:42.034Z - info:   [03176] Retrieved 1 pull requests that I requested
2019-05-30T10:01:42.035Z - info:   [03176] Getting pull requests for which I'm a reviewer...
2019-05-30T10:01:42.042Z - info:   [03176] No builds were found for team Business Central for TFB, repo id fb18d3fc-e6b0-4d3f-a437-7c8440c87e78, + branch BrokerContract
2019-05-30T10:01:42.162Z - info:   [03176] Retrieved 1 pull requests that I'm the reviewer
2019-05-30T10:02:27.117Z - info:   [03176] OpenTeamProjectWebSite: https://dev.azure.com/russell0640/Business Central for TFB
2019-06-05T05:38:52.283Z - info:   [16680] *** FOLDER: c:\Users\RussellKallman\Documents\AL\TFB Tenant Specific Extensions\TFB_BC_Core ***
2019-06-05T05:38:52.283Z - info:   [16680] AzureReposVSCode/1.149.2 (VSCode 1.34.0; Windows_NT 10.0.17763; Node 10.2.0)
2019-06-05T05:38:52.283Z - debug:  [16680] Looking for an External Context at c:\Users\RussellKallman\Documents\AL\TFB Tenant Specific Extensions\TFB_BC_Core
2019-06-05T05:38:52.283Z - debug:  [16680] No External Context at c:\Users\RussellKallman\Documents\AL\TFB Tenant Specific Extensions\TFB_BC_Core
2019-06-05T05:38:52.295Z - debug:  [16680] _isTeamServicesUrl: true
2019-06-05T05:38:52.295Z - debug:  [16680] Parsing values from repositoryInfo as string url
2019-06-05T05:38:52.327Z - debug:  [16680] Started ApplicationInsights telemetry
2019-06-05T05:38:52.328Z - info:   [16680] Getting repository information with repositoryInfoClient
2019-06-05T05:38:52.328Z - debug:  [16680] RemoteUrl = https://dev.azure.com/russell0640/Business%20Central%20for%20TFB/_git/TFB_BC_Core
2019-06-05T05:38:52.328Z - debug:  [16680] Getting repository information for a Git repository at https://dev.azure.com/russell0640/Business%20Central%20for%20TFB/_git/TFB_BC_Core
2019-06-05T05:38:52.678Z - debug:  [16680] Repository information blob:
2019-06-05T05:38:52.679Z - debug:  serverUrl=https://dev.azure.com/russell0640, id=45a01cc7-0a90-4cf3-a861-3b670ded71c5, name=russell0640, url=https://dev.azure.com/russell0640/_apis/projectCollections/45a01cc7-0a90-4cf3-a861-3b670ded71c5, id=fb18d3fc-e6b0-4d3f-a437-7c8440c87e78, name=TFB_BC_Core, url=https://dev.azure.com/russell0640/_apis/git/repositories/fb18d3fc-e6b0-4d3f-a437-7c8440c87e78, id=bc7689df-a090-4e78-a35f-bbfb3284fa4a, name=Business Central for TFB, description=Self configuration of Microsoft Business CEntral, url=https://dev.azure.com/russell0640/_apis/projects/bc7689df-a090-4e78-a35f-bbfb3284fa4a, state=1, revision=16, visibility=0, lastUpdateTime=2019-06-05T05:37:06.423Z, size=25336050, remoteUrl=https://russell0640@dev.azure.com/russell0640/Business%20Central%20for%20TFB/_git/TFB_BC_Core
2019-06-05T05:38:52.679Z - debug:  [16680] _isTeamServicesUrl: true
2019-06-05T05:38:52.679Z - debug:  [16680] Parsing values from repositoryInfo object as any
2019-06-05T05:38:52.679Z - debug:  [16680] _collection: russell0640
2019-06-05T05:38:52.679Z - debug:  [16680] _collectionId: 45a01cc7-0a90-4cf3-a861-3b670ded71c5
2019-06-05T05:38:52.679Z - debug:  [16680] _repositoryId: fb18d3fc-e6b0-4d3f-a437-7c8440c87e78
2019-06-05T05:38:52.679Z - debug:  [16680] _repositoryName: TFB_BC_Core
2019-06-05T05:38:52.679Z - debug:  [16680] _teamProject: Business Central for TFB
2019-06-05T05:38:52.679Z - debug:  [16680] Finished getting repository information for a Git repository at https://dev.azure.com/russell0640/Business%20Central%20for%20TFB/_git/TFB_BC_Core
2019-06-05T05:38:52.680Z - info:   [16680] Getting connectionData with accountClient
2019-06-05T05:38:52.680Z - debug:  [16680] connectionUrl = https://dev.azure.com/russell0640
2019-06-05T05:38:52.761Z - info:   [16680] Retrieved connectionData with accountClient
2019-06-05T05:38:52.761Z - debug:  [16680] Found pinned queries in user configuration settings.
2019-06-05T05:38:52.761Z - debug:  [16680] No account-specific pinned query or global pinned query found. Using default.
2019-06-05T05:38:52.762Z - info:   [16680] Sent extension start up telemetry
2019-06-05T05:38:52.762Z - debug:  id=9c8c9741-37aa-6862-8468-c73adb4b178b, descriptor=Microsoft.IdentityModel.Claims.ClaimsIdentity;3ce2aa56-64db-4048-9ae4-f0bf827f4459\russell@tfbtrading.com.au, subjectDescriptor=aad.OWM4Yzk3NDEtMzdhYS03ODYyLTg0NjgtYzczYWRiNGIxNzhi, providerDisplayName=Russell Kallman, isActive=true, $type=System.String, $value=russell@tfbtrading.com.au, resourceVersion=2, metaTypeId=0, id=9c8c9741-37aa-6862-8468-c73adb4b178b, descriptor=Microsoft.IdentityModel.Claims.ClaimsIdentity;3ce2aa56-64db-4048-9ae4-f0bf827f4459\russell@tfbtrading.com.au, subjectDescriptor=aad.OWM4Yzk3NDEtMzdhYS03ODYyLTg0NjgtYzczYWRiNGIxNzhi, providerDisplayName=Russell Kallman, isActive=true, $type=System.String, $value=russell@tfbtrading.com.au, resourceVersion=2, metaTypeId=0, instanceId=45a01cc7-0a90-4cf3-a861-3b670ded71c5, deploymentId=82bbd8fd-0b52-0619-71dd-a91e6ecc3650, deploymentType=hosted, serviceOwner=00025394-6065-48ca-87d9-7f5672854ef7, defaultAccessMappingMoniker=PublicAccessMapping, lastChangeId=234229788, lastChangeId64=234229788
2019-06-05T05:38:52.762Z - debug:  [16680] Account: russell0640 Team Project: Business Central for TFB Collection: russell0640 Repository: TFB_BC_Core UserCustomDisplayName: undefined UserProviderDisplayName: Russell Kallman UserId: 9c8c9741-37aa-6862-8468-c73adb4b178b 
2019-06-05T05:38:52.762Z - debug:  [16680] repositoryFolder: c:\Users\RussellKallman\Documents\AL\TFB Tenant Specific Extensions\TFB_BC_Core\.git
2019-06-05T05:38:52.762Z - debug:  [16680] repositoryRemoteUrl: https://dev.azure.com/russell0640/Business%20Central%20for%20TFB/_git/TFB_BC_Core
2019-06-05T05:38:52.762Z - debug:  [16680] gitRepositoryParentFolder: c:\Users\RussellKallman\Documents\AL\TFB Tenant Specific Extensions\TFB_BC_Core
2019-06-05T05:38:52.762Z - debug:  [16680] gitCurrentBranch: BrokerContract
2019-06-05T05:38:52.762Z - debug:  [16680] gitCurrentRef: refs/heads/BrokerContract
2019-06-05T05:38:52.762Z - debug:  [16680] IsSsh: true
2019-06-05T05:38:52.762Z - debug:  [16680] proxy: not enabled, azure devops services: true
2019-06-05T05:38:56.762Z - info:   [16680] Polling for pull requests...
2019-06-05T05:38:56.762Z - info:   [16680] Getting pull requests that I requested...
2019-06-05T05:38:56.764Z - info:   [16680] Polling for latest current build status...
2019-06-05T05:38:56.764Z - info:   [16680] Getting current build from badge...
2019-06-05T05:38:56.765Z - info:   [16680] Polling for the pinned work itemquery
2019-06-05T05:38:56.765Z - info:   [16680] Running pinned work item query to get count (Business Central for TFB)...
2019-06-05T05:38:56.981Z - info:   [16680] No builds were found for team Business Central for TFB, repo id fb18d3fc-e6b0-4d3f-a437-7c8440c87e78, + branch BrokerContract
2019-06-05T05:38:57.006Z - info:   [16680] Retrieved 1 pull requests that I requested
2019-06-05T05:38:57.007Z - info:   [16680] Getting pull requests for which I'm a reviewer...
2019-06-05T05:38:57.113Z - info:   [16680] Retrieved 1 pull requests that I'm the reviewer
2019-07-08T11:02:28.633Z - info:   [01108] *** FOLDER: c:\Users\RussellKallman\Documents\AL\TFB Tenant Specific Extensions\TFB_BC_Core ***
2019-07-08T11:02:28.633Z - info:   [01108] AzureReposVSCode/1.149.2 (VSCode 1.36.0; Windows_NT 10.0.17763; Node 10.11.0)
2019-07-08T11:02:28.633Z - debug:  [01108] Looking for an External Context at c:\Users\RussellKallman\Documents\AL\TFB Tenant Specific Extensions\TFB_BC_Core
2019-07-08T11:02:28.633Z - debug:  [01108] No External Context at c:\Users\RussellKallman\Documents\AL\TFB Tenant Specific Extensions\TFB_BC_Core
2019-07-08T11:02:28.644Z - debug:  [01108] _isTeamServicesUrl: true
2019-07-08T11:02:28.644Z - debug:  [01108] Parsing values from repositoryInfo as string url
2019-07-08T11:02:28.675Z - debug:  [01108] Started ApplicationInsights telemetry
2019-07-08T11:02:28.675Z - info:   [01108] Getting repository information with repositoryInfoClient
2019-07-08T11:02:28.675Z - debug:  [01108] RemoteUrl = https://dev.azure.com/russell0640/Business%20Central%20for%20TFB/_git/TFB_BC_Core
2019-07-08T11:02:28.676Z - debug:  [01108] Getting repository information for a Git repository at https://dev.azure.com/russell0640/Business%20Central%20for%20TFB/_git/TFB_BC_Core
2019-07-08T11:02:29.069Z - debug:  [01108] Repository information blob:
2019-07-08T11:02:29.069Z - debug:  serverUrl=https://dev.azure.com/russell0640, id=45a01cc7-0a90-4cf3-a861-3b670ded71c5, name=russell0640, url=https://dev.azure.com/russell0640/_apis/projectCollections/45a01cc7-0a90-4cf3-a861-3b670ded71c5, id=fb18d3fc-e6b0-4d3f-a437-7c8440c87e78, name=TFB_BC_Core, url=https://dev.azure.com/russell0640/_apis/git/repositories/fb18d3fc-e6b0-4d3f-a437-7c8440c87e78, id=bc7689df-a090-4e78-a35f-bbfb3284fa4a, name=Business Central for TFB, description=Self configuration of Microsoft Business CEntral, url=https://dev.azure.com/russell0640/_apis/projects/bc7689df-a090-4e78-a35f-bbfb3284fa4a, state=1, revision=20, visibility=0, lastUpdateTime=2019-06-25T00:45:31.23Z, size=26696277, remoteUrl=https://russell0640@dev.azure.com/russell0640/Business%20Central%20for%20TFB/_git/TFB_BC_Core
2019-07-08T11:02:29.070Z - debug:  [01108] _isTeamServicesUrl: true
2019-07-08T11:02:29.071Z - debug:  [01108] Parsing values from repositoryInfo object as any
2019-07-08T11:02:29.071Z - debug:  [01108] _collection: russell0640
2019-07-08T11:02:29.071Z - debug:  [01108] _collectionId: 45a01cc7-0a90-4cf3-a861-3b670ded71c5
2019-07-08T11:02:29.071Z - debug:  [01108] _repositoryId: fb18d3fc-e6b0-4d3f-a437-7c8440c87e78
2019-07-08T11:02:29.072Z - debug:  [01108] _repositoryName: TFB_BC_Core
2019-07-08T11:02:29.072Z - debug:  [01108] _teamProject: Business Central for TFB
2019-07-08T11:02:29.072Z - debug:  [01108] Finished getting repository information for a Git repository at https://dev.azure.com/russell0640/Business%20Central%20for%20TFB/_git/TFB_BC_Core
2019-07-08T11:02:29.073Z - info:   [01108] Getting connectionData with accountClient
2019-07-08T11:02:29.073Z - debug:  [01108] connectionUrl = https://dev.azure.com/russell0640
2019-07-08T11:02:29.151Z - info:   [01108] Retrieved connectionData with accountClient
2019-07-08T11:02:29.152Z - debug:  [01108] Found pinned queries in user configuration settings.
2019-07-08T11:02:29.153Z - debug:  [01108] No account-specific pinned query or global pinned query found. Using default.
2019-07-08T11:02:29.154Z - info:   [01108] Sent extension start up telemetry
2019-07-08T11:02:29.154Z - debug:  id=9c8c9741-37aa-6862-8468-c73adb4b178b, descriptor=Microsoft.IdentityModel.Claims.ClaimsIdentity;3ce2aa56-64db-4048-9ae4-f0bf827f4459\russell@tfbtrading.com.au, subjectDescriptor=aad.OWM4Yzk3NDEtMzdhYS03ODYyLTg0NjgtYzczYWRiNGIxNzhi, providerDisplayName=Russell Kallman, isActive=true, $type=System.String, $value=russell@tfbtrading.com.au, resourceVersion=2, metaTypeId=0, id=9c8c9741-37aa-6862-8468-c73adb4b178b, descriptor=Microsoft.IdentityModel.Claims.ClaimsIdentity;3ce2aa56-64db-4048-9ae4-f0bf827f4459\russell@tfbtrading.com.au, subjectDescriptor=aad.OWM4Yzk3NDEtMzdhYS03ODYyLTg0NjgtYzczYWRiNGIxNzhi, providerDisplayName=Russell Kallman, isActive=true, $type=System.String, $value=russell@tfbtrading.com.au, resourceVersion=2, metaTypeId=0, instanceId=45a01cc7-0a90-4cf3-a861-3b670ded71c5, deploymentId=82bbd8fd-0b52-0619-71dd-a91e6ecc3650, deploymentType=hosted, serviceOwner=00025394-6065-48ca-87d9-7f5672854ef7, defaultAccessMappingMoniker=PublicAccessMapping, lastChangeId=239026204, lastChangeId64=239026204
2019-07-08T11:02:29.154Z - debug:  [01108] Account: russell0640 Team Project: Business Central for TFB Collection: russell0640 Repository: TFB_BC_Core UserCustomDisplayName: undefined UserProviderDisplayName: Russell Kallman UserId: 9c8c9741-37aa-6862-8468-c73adb4b178b 
2019-07-08T11:02:29.155Z - debug:  [01108] repositoryFolder: c:\Users\RussellKallman\Documents\AL\TFB Tenant Specific Extensions\TFB_BC_Core\.git
2019-07-08T11:02:29.155Z - debug:  [01108] repositoryRemoteUrl: https://dev.azure.com/russell0640/Business%20Central%20for%20TFB/_git/TFB_BC_Core
2019-07-08T11:02:29.155Z - debug:  [01108] gitRepositoryParentFolder: c:\Users\RussellKallman\Documents\AL\TFB Tenant Specific Extensions\TFB_BC_Core
2019-07-08T11:02:29.155Z - debug:  [01108] gitCurrentBranch: BrokerContract
2019-07-08T11:02:29.156Z - debug:  [01108] gitCurrentRef: refs/heads/BrokerContract
2019-07-08T11:02:29.156Z - debug:  [01108] IsSsh: true
2019-07-08T11:02:29.156Z - debug:  [01108] proxy: not enabled, azure devops services: true
2019-07-08T11:02:33.154Z - info:   [01108] Polling for pull requests...
2019-07-08T11:02:33.154Z - info:   [01108] Getting pull requests that I requested...
2019-07-08T11:02:33.154Z - info:   [01108] Polling for latest current build status...
2019-07-08T11:02:33.154Z - info:   [01108] Getting current build from badge...
2019-07-08T11:02:33.155Z - info:   [01108] Polling for the pinned work itemquery
2019-07-08T11:02:33.155Z - info:   [01108] Running pinned work item query to get count (Business Central for TFB)...
2019-07-08T11:02:33.325Z - info:   [01108] Retrieved 1 pull requests that I requested
2019-07-08T11:02:33.325Z - info:   [01108] Getting pull requests for which I'm a reviewer...
2019-07-08T11:02:33.408Z - info:   [01108] Retrieved 1 pull requests that I'm the reviewer
2019-07-08T11:02:33.413Z - info:   [01108] No builds were found for team Business Central for TFB, repo id fb18d3fc-e6b0-4d3f-a437-7c8440c87e78, + branch BrokerContract
2019-07-08T11:12:29.154Z - info:   [01108] Polling for pull requests...
2019-07-08T11:12:29.155Z - info:   [01108] Getting pull requests that I requested...
2019-07-08T11:12:29.157Z - info:   [01108] Polling for latest current build status...
2019-07-08T11:12:29.157Z - info:   [01108] Getting current build from badge...
2019-07-08T11:12:29.158Z - info:   [01108] Polling for the pinned work itemquery
2019-07-08T11:12:29.158Z - info:   [01108] Running pinned work item query to get count (Business Central for TFB)...
2019-07-08T11:12:29.333Z - info:   [01108] Retrieved 1 pull requests that I requested
2019-07-08T11:12:29.334Z - info:   [01108] Getting pull requests for which I'm a reviewer...
2019-07-08T11:12:29.350Z - info:   [01108] No builds were found for team Business Central for TFB, repo id fb18d3fc-e6b0-4d3f-a437-7c8440c87e78, + branch BrokerContract
2019-07-08T11:12:29.417Z - info:   [01108] Retrieved 1 pull requests that I'm the reviewer
2019-07-08T11:22:29.155Z - info:   [01108] Polling for pull requests...
2019-07-08T11:22:29.156Z - info:   [01108] Getting pull requests that I requested...
2019-07-08T11:22:29.156Z - info:   [01108] Polling for latest current build status...
2019-07-08T11:22:29.159Z - info:   [01108] Getting current build from badge...
2019-07-08T11:22:29.159Z - info:   [01108] Polling for the pinned work itemquery
2019-07-08T11:22:29.159Z - info:   [01108] Running pinned work item query to get count (Business Central for TFB)...
2019-07-08T11:22:29.758Z - info:   [01108] No builds were found for team Business Central for TFB, repo id fb18d3fc-e6b0-4d3f-a437-7c8440c87e78, + branch BrokerContract
2019-07-08T11:22:29.805Z - info:   [01108] Retrieved 1 pull requests that I requested
2019-07-08T11:22:29.805Z - info:   [01108] Getting pull requests for which I'm a reviewer...
2019-07-08T11:22:29.915Z - info:   [01108] Retrieved 1 pull requests that I'm the reviewer
2019-07-08T11:32:29.156Z - info:   [01108] Polling for pull requests...
2019-07-08T11:32:29.156Z - info:   [01108] Getting pull requests that I requested...
2019-07-08T11:32:29.157Z - info:   [01108] Polling for latest current build status...
2019-07-08T11:32:29.157Z - info:   [01108] Getting current build from badge...
2019-07-08T11:32:29.158Z - info:   [01108] Polling for the pinned work itemquery
2019-07-08T11:32:29.158Z - info:   [01108] Running pinned work item query to get count (Business Central for TFB)...
2019-07-08T11:32:29.394Z - info:   [01108] No builds were found for team Business Central for TFB, repo id fb18d3fc-e6b0-4d3f-a437-7c8440c87e78, + branch BrokerContract
2019-07-08T11:32:29.399Z - info:   [01108] Retrieved 1 pull requests that I requested
2019-07-08T11:32:29.399Z - info:   [01108] Getting pull requests for which I'm a reviewer...
2019-07-08T11:32:29.484Z - info:   [01108] Retrieved 1 pull requests that I'm the reviewer
2019-07-08T11:42:29.156Z - info:   [01108] Polling for pull requests...
2019-07-08T11:42:29.157Z - info:   [01108] Getting pull requests that I requested...
2019-07-08T11:42:29.157Z - info:   [01108] Polling for latest current build status...
2019-07-08T11:42:29.158Z - info:   [01108] Getting current build from badge...
2019-07-08T11:42:29.158Z - info:   [01108] Polling for the pinned work itemquery
2019-07-08T11:42:29.158Z - info:   [01108] Running pinned work item query to get count (Business Central for TFB)...
2019-07-08T11:42:29.355Z - info:   [01108] Retrieved 1 pull requests that I requested
2019-07-08T11:42:29.356Z - info:   [01108] Getting pull requests for which I'm a reviewer...
2019-07-08T11:42:29.378Z - info:   [01108] No builds were found for team Business Central for TFB, repo id fb18d3fc-e6b0-4d3f-a437-7c8440c87e78, + branch BrokerContract
2019-07-08T11:42:29.450Z - info:   [01108] Retrieved 1 pull requests that I'm the reviewer
2019-07-08T11:52:29.156Z - info:   [01108] Polling for pull requests...
2019-07-08T11:52:29.157Z - info:   [01108] Getting pull requests that I requested...
2019-07-08T11:52:29.158Z - info:   [01108] Polling for latest current build status...
2019-07-08T11:52:29.158Z - info:   [01108] Getting current build from badge...
2019-07-08T11:52:29.158Z - info:   [01108] Polling for the pinned work itemquery
2019-07-08T11:52:29.159Z - info:   [01108] Running pinned work item query to get count (Business Central for TFB)...
2019-07-08T11:52:29.474Z - info:   [01108] Retrieved 1 pull requests that I requested
2019-07-08T11:52:29.474Z - info:   [01108] Getting pull requests for which I'm a reviewer...
2019-07-08T11:52:29.479Z - info:   [01108] No builds were found for team Business Central for TFB, repo id fb18d3fc-e6b0-4d3f-a437-7c8440c87e78, + branch BrokerContract
2019-07-08T11:52:29.557Z - info:   [01108] Retrieved 1 pull requests that I'm the reviewer
2019-07-08T12:02:29.157Z - info:   [01108] Polling for pull requests...
2019-07-08T12:02:29.158Z - info:   [01108] Getting pull requests that I requested...
2019-07-08T12:02:29.159Z - info:   [01108] Polling for latest current build status...
2019-07-08T12:02:29.160Z - info:   [01108] Getting current build from badge...
2019-07-08T12:02:29.160Z - info:   [01108] Polling for the pinned work itemquery
2019-07-08T12:02:29.161Z - info:   [01108] Running pinned work item query to get count (Business Central for TFB)...
2019-07-08T12:02:29.352Z - info:   [01108] Retrieved 1 pull requests that I requested
2019-07-08T12:02:29.353Z - info:   [01108] Getting pull requests for which I'm a reviewer...
2019-07-08T12:02:29.366Z - info:   [01108] No builds were found for team Business Central for TFB, repo id fb18d3fc-e6b0-4d3f-a437-7c8440c87e78, + branch BrokerContract
2019-07-08T12:02:29.437Z - info:   [01108] Retrieved 1 pull requests that I'm the reviewer
2019-07-08T12:12:29.157Z - info:   [01108] Polling for pull requests...
2019-07-08T12:12:29.158Z - info:   [01108] Getting pull requests that I requested...
2019-07-08T12:12:29.158Z - info:   [01108] Polling for latest current build status...
2019-07-08T12:12:29.159Z - info:   [01108] Getting current build from badge...
2019-07-08T12:12:29.159Z - info:   [01108] Polling for the pinned work itemquery
2019-07-08T12:12:29.159Z - info:   [01108] Running pinned work item query to get count (Business Central for TFB)...
2019-07-08T12:12:29.351Z - info:   [01108] No builds were found for team Business Central for TFB, repo id fb18d3fc-e6b0-4d3f-a437-7c8440c87e78, + branch BrokerContract
2019-07-08T12:12:29.406Z - info:   [01108] Retrieved 1 pull requests that I requested
2019-07-08T12:12:29.407Z - info:   [01108] Getting pull requests for which I'm a reviewer...
2019-07-08T12:12:29.551Z - info:   [01108] Retrieved 1 pull requests that I'm the reviewer
2019-07-08T12:22:29.156Z - info:   [01108] Polling for pull requests...
2019-07-08T12:22:29.157Z - info:   [01108] Getting pull requests that I requested...
2019-07-08T12:22:29.157Z - info:   [01108] Polling for latest current build status...
2019-07-08T12:22:29.157Z - info:   [01108] Getting current build from badge...
2019-07-08T12:22:29.157Z - info:   [01108] Polling for the pinned work itemquery
2019-07-08T12:22:29.157Z - info:   [01108] Running pinned work item query to get count (Business Central for TFB)...
2019-07-08T12:22:29.427Z - info:   [01108] Retrieved 1 pull requests that I requested
2019-07-08T12:22:29.427Z - info:   [01108] Getting pull requests for which I'm a reviewer...
2019-07-08T12:22:29.544Z - info:   [01108] Retrieved 1 pull requests that I'm the reviewer
2019-07-08T12:22:29.971Z - info:   [01108] No builds were found for team Business Central for TFB, repo id fb18d3fc-e6b0-4d3f-a437-7c8440c87e78, + branch BrokerContract
2019-07-08T12:32:29.157Z - info:   [01108] Polling for pull requests...
2019-07-08T12:32:29.158Z - info:   [01108] Getting pull requests that I requested...
2019-07-08T12:32:29.159Z - info:   [01108] Polling for latest current build status...
2019-07-08T12:32:29.159Z - info:   [01108] Getting current build from badge...
2019-07-08T12:32:29.160Z - info:   [01108] Polling for the pinned work itemquery
2019-07-08T12:32:29.160Z - info:   [01108] Running pinned work item query to get count (Business Central for TFB)...
2019-07-08T12:32:29.412Z - info:   [01108] Retrieved 1 pull requests that I requested
2019-07-08T12:32:29.412Z - info:   [01108] Getting pull requests for which I'm a reviewer...
2019-07-08T12:32:29.437Z - info:   [01108] No builds were found for team Business Central for TFB, repo id fb18d3fc-e6b0-4d3f-a437-7c8440c87e78, + branch BrokerContract
2019-07-08T12:32:29.514Z - info:   [01108] Retrieved 1 pull requests that I'm the reviewer
2019-07-08T12:42:29.157Z - info:   [01108] Polling for pull requests...
2019-07-08T12:42:29.157Z - info:   [01108] Getting pull requests that I requested...
2019-07-08T12:42:29.158Z - info:   [01108] Polling for latest current build status...
2019-07-08T12:42:29.158Z - info:   [01108] Getting current build from badge...
2019-07-08T12:42:29.158Z - info:   [01108] Polling for the pinned work itemquery
2019-07-08T12:42:29.158Z - info:   [01108] Running pinned work item query to get count (Business Central for TFB)...
2019-07-08T12:42:29.661Z - info:   [01108] Retrieved 1 pull requests that I requested
2019-07-08T12:42:29.661Z - info:   [01108] Getting pull requests for which I'm a reviewer...
2019-07-08T12:42:29.681Z - info:   [01108] No builds were found for team Business Central for TFB, repo id fb18d3fc-e6b0-4d3f-a437-7c8440c87e78, + branch BrokerContract
2019-07-08T12:42:29.757Z - info:   [01108] Retrieved 1 pull requests that I'm the reviewer
2019-07-10T10:42:51.914Z - info:   [09272] *** FOLDER: c:\Users\RussellKallman\Documents\AL\TFB Tenant Specific Extensions\TFB_BC_Core ***
2019-07-10T10:42:51.914Z - info:   [09272] AzureReposVSCode/1.149.2 (VSCode 1.36.0; Windows_NT 10.0.17763; Node 10.11.0)
2019-07-10T10:42:51.914Z - debug:  [09272] Looking for an External Context at c:\Users\RussellKallman\Documents\AL\TFB Tenant Specific Extensions\TFB_BC_Core
2019-07-10T10:42:51.915Z - debug:  [09272] No External Context at c:\Users\RussellKallman\Documents\AL\TFB Tenant Specific Extensions\TFB_BC_Core
2019-07-10T10:42:51.935Z - debug:  [09272] _isTeamServicesUrl: true
2019-07-10T10:42:51.936Z - debug:  [09272] Parsing values from repositoryInfo as string url
2019-07-10T10:42:51.997Z - debug:  [09272] Started ApplicationInsights telemetry
2019-07-10T10:42:51.997Z - info:   [09272] Getting repository information with repositoryInfoClient
2019-07-10T10:42:51.997Z - debug:  [09272] RemoteUrl = https://dev.azure.com/russell0640/Business%20Central%20for%20TFB/_git/TFB_BC_Core
2019-07-10T10:42:51.998Z - debug:  [09272] Getting repository information for a Git repository at https://dev.azure.com/russell0640/Business%20Central%20for%20TFB/_git/TFB_BC_Core
2019-07-10T10:42:53.245Z - debug:  [09272] Repository information blob:
2019-07-10T10:42:53.245Z - debug:  serverUrl=https://dev.azure.com/russell0640, id=45a01cc7-0a90-4cf3-a861-3b670ded71c5, name=russell0640, url=https://dev.azure.com/russell0640/_apis/projectCollections/45a01cc7-0a90-4cf3-a861-3b670ded71c5, id=fb18d3fc-e6b0-4d3f-a437-7c8440c87e78, name=TFB_BC_Core, url=https://dev.azure.com/russell0640/_apis/git/repositories/fb18d3fc-e6b0-4d3f-a437-7c8440c87e78, id=bc7689df-a090-4e78-a35f-bbfb3284fa4a, name=Business Central for TFB, description=Self configuration of Microsoft Business CEntral, url=https://dev.azure.com/russell0640/_apis/projects/bc7689df-a090-4e78-a35f-bbfb3284fa4a, state=1, revision=20, visibility=0, lastUpdateTime=2019-06-25T00:45:31.23Z, size=26696277, remoteUrl=https://russell0640@dev.azure.com/russell0640/Business%20Central%20for%20TFB/_git/TFB_BC_Core
2019-07-10T10:42:53.246Z - debug:  [09272] _isTeamServicesUrl: true
2019-07-10T10:42:53.246Z - debug:  [09272] Parsing values from repositoryInfo object as any
2019-07-10T10:42:53.246Z - debug:  [09272] _collection: russell0640
2019-07-10T10:42:53.246Z - debug:  [09272] _collectionId: 45a01cc7-0a90-4cf3-a861-3b670ded71c5
2019-07-10T10:42:53.246Z - debug:  [09272] _repositoryId: fb18d3fc-e6b0-4d3f-a437-7c8440c87e78
2019-07-10T10:42:53.246Z - debug:  [09272] _repositoryName: TFB_BC_Core
2019-07-10T10:42:53.246Z - debug:  [09272] _teamProject: Business Central for TFB
2019-07-10T10:42:53.246Z - debug:  [09272] Finished getting repository information for a Git repository at https://dev.azure.com/russell0640/Business%20Central%20for%20TFB/_git/TFB_BC_Core
2019-07-10T10:42:53.247Z - info:   [09272] Getting connectionData with accountClient
2019-07-10T10:42:53.247Z - debug:  [09272] connectionUrl = https://dev.azure.com/russell0640
2019-07-10T10:42:53.327Z - info:   [09272] Retrieved connectionData with accountClient
2019-07-10T10:42:53.327Z - debug:  [09272] Found pinned queries in user configuration settings.
2019-07-10T10:42:53.327Z - debug:  [09272] No account-specific pinned query or global pinned query found. Using default.
2019-07-10T10:42:53.328Z - info:   [09272] Sent extension start up telemetry
2019-07-10T10:42:53.328Z - debug:  id=9c8c9741-37aa-6862-8468-c73adb4b178b, descriptor=Microsoft.IdentityModel.Claims.ClaimsIdentity;3ce2aa56-64db-4048-9ae4-f0bf827f4459\russell@tfbtrading.com.au, subjectDescriptor=aad.OWM4Yzk3NDEtMzdhYS03ODYyLTg0NjgtYzczYWRiNGIxNzhi, providerDisplayName=Russell Kallman, isActive=true, $type=System.String, $value=russell@tfbtrading.com.au, resourceVersion=2, metaTypeId=0, id=9c8c9741-37aa-6862-8468-c73adb4b178b, descriptor=Microsoft.IdentityModel.Claims.ClaimsIdentity;3ce2aa56-64db-4048-9ae4-f0bf827f4459\russell@tfbtrading.com.au, subjectDescriptor=aad.OWM4Yzk3NDEtMzdhYS03ODYyLTg0NjgtYzczYWRiNGIxNzhi, providerDisplayName=Russell Kallman, isActive=true, $type=System.String, $value=russell@tfbtrading.com.au, resourceVersion=2, metaTypeId=0, instanceId=45a01cc7-0a90-4cf3-a861-3b670ded71c5, deploymentId=82bbd8fd-0b52-0619-71dd-a91e6ecc3650, deploymentType=hosted, serviceOwner=00025394-6065-48ca-87d9-7f5672854ef7, defaultAccessMappingMoniker=PublicAccessMapping, lastChangeId=239304732, lastChangeId64=239304732
2019-07-10T10:42:53.328Z - debug:  [09272] Account: russell0640 Team Project: Business Central for TFB Collection: russell0640 Repository: TFB_BC_Core UserCustomDisplayName: undefined UserProviderDisplayName: Russell Kallman UserId: 9c8c9741-37aa-6862-8468-c73adb4b178b 
2019-07-10T10:42:53.328Z - debug:  [09272] repositoryFolder: c:\Users\RussellKallman\Documents\AL\TFB Tenant Specific Extensions\TFB_BC_Core\.git
2019-07-10T10:42:53.328Z - debug:  [09272] repositoryRemoteUrl: https://dev.azure.com/russell0640/Business%20Central%20for%20TFB/_git/TFB_BC_Core
2019-07-10T10:42:53.328Z - debug:  [09272] gitRepositoryParentFolder: c:\Users\RussellKallman\Documents\AL\TFB Tenant Specific Extensions\TFB_BC_Core
2019-07-10T10:42:53.328Z - debug:  [09272] gitCurrentBranch: BrokerContract
2019-07-10T10:42:53.328Z - debug:  [09272] gitCurrentRef: refs/heads/BrokerContract
2019-07-10T10:42:53.328Z - debug:  [09272] IsSsh: true
2019-07-10T10:42:53.328Z - debug:  [09272] proxy: not enabled, azure devops services: true
2019-07-10T10:42:57.328Z - info:   [09272] Polling for pull requests...
2019-07-10T10:42:57.328Z - info:   [09272] Getting pull requests that I requested...
2019-07-10T10:42:57.329Z - info:   [09272] Polling for latest current build status...
2019-07-10T10:42:57.330Z - info:   [09272] Getting current build from badge...
2019-07-10T10:42:57.330Z - info:   [09272] Polling for the pinned work itemquery
2019-07-10T10:42:57.330Z - info:   [09272] Running pinned work item query to get count (Business Central for TFB)...
2019-07-10T10:42:57.535Z - info:   [09272] Retrieved 1 pull requests that I requested
2019-07-10T10:42:57.535Z - info:   [09272] Getting pull requests for which I'm a reviewer...
2019-07-10T10:42:57.595Z - info:   [09272] No builds were found for team Business Central for TFB, repo id fb18d3fc-e6b0-4d3f-a437-7c8440c87e78, + branch BrokerContract
2019-07-10T10:42:57.704Z - info:   [09272] Retrieved 1 pull requests that I'm the reviewer
2019-07-10T10:52:53.329Z - info:   [09272] Polling for pull requests...
2019-07-10T10:52:53.329Z - info:   [09272] Getting pull requests that I requested...
2019-07-10T10:52:53.329Z - info:   [09272] Polling for latest current build status...
2019-07-10T10:52:53.330Z - info:   [09272] Getting current build from badge...
2019-07-10T10:52:53.330Z - info:   [09272] Polling for the pinned work itemquery
2019-07-10T10:52:53.330Z - info:   [09272] Running pinned work item query to get count (Business Central for TFB)...
2019-07-10T10:52:53.547Z - info:   [09272] No builds were found for team Business Central for TFB, repo id fb18d3fc-e6b0-4d3f-a437-7c8440c87e78, + branch BrokerContract
2019-07-10T10:52:53.551Z - info:   [09272] Retrieved 1 pull requests that I requested
2019-07-10T10:52:53.551Z - info:   [09272] Getting pull requests for which I'm a reviewer...
2019-07-10T10:52:53.676Z - info:   [09272] Retrieved 1 pull requests that I'm the reviewer
2019-07-10T11:02:53.329Z - info:   [09272] Polling for pull requests...
2019-07-10T11:02:53.330Z - info:   [09272] Getting pull requests that I requested...
2019-07-10T11:02:53.331Z - info:   [09272] Polling for latest current build status...
2019-07-10T11:02:53.331Z - info:   [09272] Getting current build from badge...
2019-07-10T11:02:53.332Z - info:   [09272] Polling for the pinned work itemquery
2019-07-10T11:02:53.332Z - info:   [09272] Running pinned work item query to get count (Business Central for TFB)...
2019-07-10T11:02:53.514Z - info:   [09272] No builds were found for team Business Central for TFB, repo id fb18d3fc-e6b0-4d3f-a437-7c8440c87e78, + branch BrokerContract
2019-07-10T11:02:53.521Z - info:   [09272] Retrieved 1 pull requests that I requested
2019-07-10T11:02:53.522Z - info:   [09272] Getting pull requests for which I'm a reviewer...
2019-07-10T11:02:53.610Z - info:   [09272] Retrieved 1 pull requests that I'm the reviewer
2019-07-10T11:12:53.328Z - info:   [09272] Polling for pull requests...
2019-07-10T11:12:53.329Z - info:   [09272] Getting pull requests that I requested...
2019-07-10T11:12:53.330Z - info:   [09272] Polling for latest current build status...
2019-07-10T11:12:53.331Z - info:   [09272] Getting current build from badge...
2019-07-10T11:12:53.331Z - info:   [09272] Polling for the pinned work itemquery
2019-07-10T11:12:53.331Z - info:   [09272] Running pinned work item query to get count (Business Central for TFB)...
2019-07-10T11:12:53.801Z - info:   [09272] Retrieved 1 pull requests that I requested
2019-07-10T11:12:53.801Z - info:   [09272] Getting pull requests for which I'm a reviewer...
2019-07-10T11:12:53.803Z - info:   [09272] No builds were found for team Business Central for TFB, repo id fb18d3fc-e6b0-4d3f-a437-7c8440c87e78, + branch BrokerContract
2019-07-10T11:12:53.891Z - info:   [09272] Retrieved 1 pull requests that I'm the reviewer
2019-07-10T11:22:53.329Z - info:   [09272] Polling for pull requests...
2019-07-10T11:22:53.329Z - info:   [09272] Getting pull requests that I requested...
2019-07-10T11:22:53.331Z - info:   [09272] Polling for latest current build status...
2019-07-10T11:22:53.331Z - info:   [09272] Getting current build from badge...
2019-07-10T11:22:53.332Z - info:   [09272] Polling for the pinned work itemquery
2019-07-10T11:22:53.332Z - info:   [09272] Running pinned work item query to get count (Business Central for TFB)...
2019-07-10T11:22:53.562Z - info:   [09272] Retrieved 1 pull requests that I requested
2019-07-10T11:22:53.562Z - info:   [09272] Getting pull requests for which I'm a reviewer...
2019-07-10T11:22:53.582Z - info:   [09272] No builds were found for team Business Central for TFB, repo id fb18d3fc-e6b0-4d3f-a437-7c8440c87e78, + branch BrokerContract
2019-07-10T11:22:53.658Z - info:   [09272] Retrieved 1 pull requests that I'm the reviewer
2019-07-10T11:32:53.328Z - info:   [09272] Polling for pull requests...
2019-07-10T11:32:53.328Z - info:   [09272] Getting pull requests that I requested...
2019-07-10T11:32:53.329Z - info:   [09272] Polling for latest current build status...
2019-07-10T11:32:53.329Z - info:   [09272] Getting current build from badge...
2019-07-10T11:32:53.329Z - info:   [09272] Polling for the pinned work itemquery
2019-07-10T11:32:53.329Z - info:   [09272] Running pinned work item query to get count (Business Central for TFB)...
2019-07-10T11:32:53.570Z - info:   [09272] Retrieved 1 pull requests that I requested
2019-07-10T11:32:53.570Z - info:   [09272] Getting pull requests for which I'm a reviewer...
2019-07-10T11:32:53.665Z - info:   [09272] No builds were found for team Business Central for TFB, repo id fb18d3fc-e6b0-4d3f-a437-7c8440c87e78, + branch BrokerContract
2019-07-10T11:32:53.697Z - info:   [09272] Retrieved 1 pull requests that I'm the reviewer
2019-07-10T11:42:53.329Z - info:   [09272] Polling for pull requests...
2019-07-10T11:42:53.330Z - info:   [09272] Getting pull requests that I requested...
2019-07-10T11:42:53.331Z - info:   [09272] Polling for latest current build status...
2019-07-10T11:42:53.331Z - info:   [09272] Getting current build from badge...
2019-07-10T11:42:53.332Z - info:   [09272] Polling for the pinned work itemquery
2019-07-10T11:42:53.332Z - info:   [09272] Running pinned work item query to get count (Business Central for TFB)...
2019-07-10T11:42:53.653Z - info:   [09272] No builds were found for team Business Central for TFB, repo id fb18d3fc-e6b0-4d3f-a437-7c8440c87e78, + branch BrokerContract
2019-07-10T11:42:53.655Z - info:   [09272] Retrieved 1 pull requests that I requested
2019-07-10T11:42:53.656Z - info:   [09272] Getting pull requests for which I'm a reviewer...
2019-07-10T11:42:53.806Z - info:   [09272] Retrieved 1 pull requests that I'm the reviewer
2019-07-10T11:52:53.329Z - info:   [09272] Polling for pull requests...
2019-07-10T11:52:53.329Z - info:   [09272] Getting pull requests that I requested...
2019-07-10T11:52:53.330Z - info:   [09272] Polling for latest current build status...
2019-07-10T11:52:53.330Z - info:   [09272] Getting current build from badge...
2019-07-10T11:52:53.330Z - info:   [09272] Polling for the pinned work itemquery
2019-07-10T11:52:53.330Z - info:   [09272] Running pinned work item query to get count (Business Central for TFB)...
2019-07-10T11:52:53.575Z - info:   [09272] No builds were found for team Business Central for TFB, repo id fb18d3fc-e6b0-4d3f-a437-7c8440c87e78, + branch BrokerContract
2019-07-10T11:52:53.579Z - info:   [09272] Retrieved 1 pull requests that I requested
2019-07-10T11:52:53.579Z - info:   [09272] Getting pull requests for which I'm a reviewer...
2019-07-10T11:52:53.666Z - info:   [09272] Retrieved 1 pull requests that I'm the reviewer
2019-07-10T12:02:53.329Z - info:   [09272] Polling for pull requests...
2019-07-10T12:02:53.329Z - info:   [09272] Getting pull requests that I requested...
2019-07-10T12:02:53.329Z - info:   [09272] Polling for latest current build status...
2019-07-10T12:02:53.330Z - info:   [09272] Getting current build from badge...
2019-07-10T12:02:53.330Z - info:   [09272] Polling for the pinned work itemquery
2019-07-10T12:02:53.330Z - info:   [09272] Running pinned work item query to get count (Business Central for TFB)...
2019-07-10T12:02:53.512Z - info:   [09272] Retrieved 1 pull requests that I requested
2019-07-10T12:02:53.512Z - info:   [09272] Getting pull requests for which I'm a reviewer...
2019-07-10T12:02:53.517Z - info:   [09272] No builds were found for team Business Central for TFB, repo id fb18d3fc-e6b0-4d3f-a437-7c8440c87e78, + branch BrokerContract
2019-07-10T12:02:53.600Z - info:   [09272] Retrieved 1 pull requests that I'm the reviewer
2019-07-10T12:12:53.330Z - info:   [09272] Polling for pull requests...
2019-07-10T12:12:53.331Z - info:   [09272] Getting pull requests that I requested...
2019-07-10T12:12:53.331Z - info:   [09272] Polling for latest current build status...
2019-07-10T12:12:53.331Z - info:   [09272] Getting current build from badge...
2019-07-10T12:12:53.331Z - info:   [09272] Polling for the pinned work itemquery
2019-07-10T12:12:53.331Z - info:   [09272] Running pinned work item query to get count (Business Central for TFB)...
2019-07-10T12:12:53.535Z - info:   [09272] No builds were found for team Business Central for TFB, repo id fb18d3fc-e6b0-4d3f-a437-7c8440c87e78, + branch BrokerContract
2019-07-10T12:12:53.565Z - info:   [09272] Retrieved 1 pull requests that I requested
2019-07-10T12:12:53.565Z - info:   [09272] Getting pull requests for which I'm a reviewer...
2019-07-10T12:12:53.721Z - info:   [09272] Retrieved 1 pull requests that I'm the reviewer
2019-07-10T12:22:53.330Z - info:   [09272] Polling for pull requests...
2019-07-10T12:22:53.330Z - info:   [09272] Getting pull requests that I requested...
2019-07-10T12:22:53.331Z - info:   [09272] Polling for latest current build status...
2019-07-10T12:22:53.331Z - info:   [09272] Getting current build from badge...
2019-07-10T12:22:53.331Z - info:   [09272] Polling for the pinned work itemquery
2019-07-10T12:22:53.331Z - info:   [09272] Running pinned work item query to get count (Business Central for TFB)...
2019-07-10T12:22:53.537Z - info:   [09272] Retrieved 1 pull requests that I requested
2019-07-10T12:22:53.537Z - info:   [09272] Getting pull requests for which I'm a reviewer...
2019-07-10T12:22:53.551Z - info:   [09272] No builds were found for team Business Central for TFB, repo id fb18d3fc-e6b0-4d3f-a437-7c8440c87e78, + branch BrokerContract
2019-07-10T12:22:53.640Z - info:   [09272] Retrieved 1 pull requests that I'm the reviewer
2019-07-10T12:32:53.331Z - info:   [09272] Polling for pull requests...
2019-07-10T12:32:53.331Z - info:   [09272] Getting pull requests that I requested...
2019-07-10T12:32:53.331Z - info:   [09272] Polling for latest current build status...
2019-07-10T12:32:53.332Z - info:   [09272] Getting current build from badge...
2019-07-10T12:32:53.332Z - info:   [09272] Polling for the pinned work itemquery
2019-07-10T12:32:53.332Z - info:   [09272] Running pinned work item query to get count (Business Central for TFB)...
2019-07-10T12:32:53.498Z - info:   [09272] Retrieved 1 pull requests that I requested
2019-07-10T12:32:53.498Z - info:   [09272] Getting pull requests for which I'm a reviewer...
2019-07-10T12:32:53.503Z - info:   [09272] No builds were found for team Business Central for TFB, repo id fb18d3fc-e6b0-4d3f-a437-7c8440c87e78, + branch BrokerContract
2019-07-10T12:32:53.605Z - info:   [09272] Retrieved 1 pull requests that I'm the reviewer
2019-08-12T07:09:02.434Z - info:   [16244] *** FOLDER: c:\Users\RussellKallman\Documents\AL\TFB Tenant Specific Extensions\TFB_BC_Core ***
2019-08-12T07:09:02.435Z - info:   [16244] AzureReposVSCode/1.149.2 (VSCode 1.36.1; Windows_NT 10.0.17763; Node 10.11.0)
2019-08-12T07:09:02.435Z - debug:  [16244] Looking for an External Context at c:\Users\RussellKallman\Documents\AL\TFB Tenant Specific Extensions\TFB_BC_Core
2019-08-12T07:09:02.436Z - debug:  [16244] No External Context at c:\Users\RussellKallman\Documents\AL\TFB Tenant Specific Extensions\TFB_BC_Core
2019-08-12T07:09:02.452Z - debug:  [16244] _isTeamServicesUrl: true
2019-08-12T07:09:02.452Z - debug:  [16244] Parsing values from repositoryInfo as string url
2019-08-12T07:09:02.532Z - debug:  [16244] Started ApplicationInsights telemetry
2019-08-12T07:09:02.532Z - info:   [16244] Getting repository information with repositoryInfoClient
2019-08-12T07:09:02.532Z - debug:  [16244] RemoteUrl = https://dev.azure.com/russell0640/Business%20Central%20for%20TFB/_git/TFB_BC_Core
2019-08-12T07:09:02.532Z - debug:  [16244] Getting repository information for a Git repository at https://dev.azure.com/russell0640/Business%20Central%20for%20TFB/_git/TFB_BC_Core
2019-08-12T07:09:03.034Z - debug:  [16244] Repository information blob:
2019-08-12T07:09:03.034Z - debug:  serverUrl=https://dev.azure.com/russell0640, id=45a01cc7-0a90-4cf3-a861-3b670ded71c5, name=russell0640, url=https://dev.azure.com/russell0640/_apis/projectCollections/45a01cc7-0a90-4cf3-a861-3b670ded71c5, id=fb18d3fc-e6b0-4d3f-a437-7c8440c87e78, name=TFB_BC_Core, url=https://dev.azure.com/russell0640/_apis/git/repositories/fb18d3fc-e6b0-4d3f-a437-7c8440c87e78, id=bc7689df-a090-4e78-a35f-bbfb3284fa4a, name=Business Central for TFB, description=Self configuration of Microsoft Business CEntral, url=https://dev.azure.com/russell0640/_apis/projects/bc7689df-a090-4e78-a35f-bbfb3284fa4a, state=1, revision=21, visibility=0, lastUpdateTime=2019-07-31T17:05:07.183Z, size=43655905, remoteUrl=https://russell0640@dev.azure.com/russell0640/Business%20Central%20for%20TFB/_git/TFB_BC_Core
2019-08-12T07:09:03.035Z - debug:  [16244] _isTeamServicesUrl: true
2019-08-12T07:09:03.035Z - debug:  [16244] Parsing values from repositoryInfo object as any
2019-08-12T07:09:03.035Z - debug:  [16244] _collection: russell0640
2019-08-12T07:09:03.035Z - debug:  [16244] _collectionId: 45a01cc7-0a90-4cf3-a861-3b670ded71c5
2019-08-12T07:09:03.035Z - debug:  [16244] _repositoryId: fb18d3fc-e6b0-4d3f-a437-7c8440c87e78
2019-08-12T07:09:03.035Z - debug:  [16244] _repositoryName: TFB_BC_Core
2019-08-12T07:09:03.035Z - debug:  [16244] _teamProject: Business Central for TFB
2019-08-12T07:09:03.035Z - debug:  [16244] Finished getting repository information for a Git repository at https://dev.azure.com/russell0640/Business%20Central%20for%20TFB/_git/TFB_BC_Core
2019-08-12T07:09:03.036Z - info:   [16244] Getting connectionData with accountClient
2019-08-12T07:09:03.036Z - debug:  [16244] connectionUrl = https://dev.azure.com/russell0640
2019-08-12T07:09:03.479Z - info:   [16244] Retrieved connectionData with accountClient
2019-08-12T07:09:03.480Z - debug:  [16244] Found pinned queries in user configuration settings.
2019-08-12T07:09:03.480Z - debug:  [16244] No account-specific pinned query or global pinned query found. Using default.
2019-08-12T07:09:03.480Z - info:   [16244] Sent extension start up telemetry
2019-08-12T07:09:03.480Z - debug:  id=9c8c9741-37aa-6862-8468-c73adb4b178b, descriptor=Microsoft.IdentityModel.Claims.ClaimsIdentity;3ce2aa56-64db-4048-9ae4-f0bf827f4459\russell@tfbtrading.com.au, subjectDescriptor=aad.OWM4Yzk3NDEtMzdhYS03ODYyLTg0NjgtYzczYWRiNGIxNzhi, providerDisplayName=Russell Kallman, isActive=true, $type=System.String, $value=russell@tfbtrading.com.au, resourceVersion=2, metaTypeId=0, id=9c8c9741-37aa-6862-8468-c73adb4b178b, descriptor=Microsoft.IdentityModel.Claims.ClaimsIdentity;3ce2aa56-64db-4048-9ae4-f0bf827f4459\russell@tfbtrading.com.au, subjectDescriptor=aad.OWM4Yzk3NDEtMzdhYS03ODYyLTg0NjgtYzczYWRiNGIxNzhi, providerDisplayName=Russell Kallman, isActive=true, $type=System.String, $value=russell@tfbtrading.com.au, resourceVersion=2, metaTypeId=0, instanceId=45a01cc7-0a90-4cf3-a861-3b670ded71c5, deploymentId=82bbd8fd-0b52-0619-71dd-a91e6ecc3650, deploymentType=hosted, serviceOwner=00025394-6065-48ca-87d9-7f5672854ef7, defaultAccessMappingMoniker=PublicAccessMapping, lastChangeId=243576862, lastChangeId64=243576862
2019-08-12T07:09:03.481Z - debug:  [16244] Account: russell0640 Team Project: Business Central for TFB Collection: russell0640 Repository: TFB_BC_Core UserCustomDisplayName: undefined UserProviderDisplayName: Russell Kallman UserId: 9c8c9741-37aa-6862-8468-c73adb4b178b 
2019-08-12T07:09:03.481Z - debug:  [16244] repositoryFolder: c:\Users\RussellKallman\Documents\AL\TFB Tenant Specific Extensions\TFB_BC_Core\.git
2019-08-12T07:09:03.481Z - debug:  [16244] repositoryRemoteUrl: https://dev.azure.com/russell0640/Business%20Central%20for%20TFB/_git/TFB_BC_Core
2019-08-12T07:09:03.481Z - debug:  [16244] gitRepositoryParentFolder: c:\Users\RussellKallman\Documents\AL\TFB Tenant Specific Extensions\TFB_BC_Core
2019-08-12T07:09:03.481Z - debug:  [16244] gitCurrentBranch: BrokerContract
2019-08-12T07:09:03.481Z - debug:  [16244] gitCurrentRef: refs/heads/BrokerContract
2019-08-12T07:09:03.481Z - debug:  [16244] IsSsh: true
2019-08-12T07:09:03.481Z - debug:  [16244] proxy: not enabled, azure devops services: true
2019-08-12T07:09:07.493Z - info:   [16244] Polling for pull requests...
2019-08-12T07:09:07.493Z - info:   [16244] Getting pull requests that I requested...
2019-08-12T07:09:07.494Z - info:   [16244] Polling for latest current build status...
2019-08-12T07:09:07.494Z - info:   [16244] Getting current build from badge...
2019-08-12T07:09:07.494Z - info:   [16244] Polling for the pinned work itemquery
2019-08-12T07:09:07.494Z - info:   [16244] Running pinned work item query to get count (Business Central for TFB)...
2019-08-12T07:09:07.905Z - info:   [16244] Retrieved 1 pull requests that I requested
2019-08-12T07:09:07.905Z - info:   [16244] Getting pull requests for which I'm a reviewer...
2019-08-12T07:09:07.953Z - info:   [16244] No builds were found for team Business Central for TFB, repo id fb18d3fc-e6b0-4d3f-a437-7c8440c87e78, + branch BrokerContract
2019-08-12T07:09:10.899Z - info:   [16244] Retrieved 1 pull requests that I'm the reviewer
2019-10-02T02:18:02.432Z - info:   [14480] *** FOLDER: c:\Users\RussellKallman\Documents\AL\TFB Tenant Specific Extensions\TFB_BC_Core ***
2019-10-02T02:18:02.433Z - info:   [14480] AzureReposVSCode/1.149.2 (VSCode 1.38.1; Windows_NT 10.0.18362; Node 10.11.0)
2019-10-02T02:18:02.433Z - debug:  [14480] Looking for an External Context at c:\Users\RussellKallman\Documents\AL\TFB Tenant Specific Extensions\TFB_BC_Core
2019-10-02T02:18:02.433Z - debug:  [14480] No External Context at c:\Users\RussellKallman\Documents\AL\TFB Tenant Specific Extensions\TFB_BC_Core
2019-10-02T02:18:02.443Z - debug:  [14480] _isTeamServicesUrl: true
2019-10-02T02:18:02.443Z - debug:  [14480] Parsing values from repositoryInfo as string url
2019-10-02T02:18:02.481Z - debug:  [14480] Started ApplicationInsights telemetry
2019-10-02T02:18:02.481Z - info:   [14480] Getting repository information with repositoryInfoClient
2019-10-02T02:18:02.482Z - debug:  [14480] RemoteUrl = https://dev.azure.com/russell0640/Business%20Central%20for%20TFB/_git/TFB_BC_Core
2019-10-02T02:18:02.482Z - debug:  [14480] Getting repository information for a Git repository at https://dev.azure.com/russell0640/Business%20Central%20for%20TFB/_git/TFB_BC_Core
2019-10-02T02:18:02.835Z - debug:  [14480] Repository information blob:
2019-10-02T02:18:02.835Z - debug:  serverUrl=https://dev.azure.com/russell0640, id=45a01cc7-0a90-4cf3-a861-3b670ded71c5, name=russell0640, url=https://dev.azure.com/russell0640/_apis/projectCollections/45a01cc7-0a90-4cf3-a861-3b670ded71c5, id=fb18d3fc-e6b0-4d3f-a437-7c8440c87e78, name=TFB_BC_Core, url=https://dev.azure.com/russell0640/_apis/git/repositories/fb18d3fc-e6b0-4d3f-a437-7c8440c87e78, id=bc7689df-a090-4e78-a35f-bbfb3284fa4a, name=Business Central for TFB, description=Self configuration of Microsoft Business CEntral, url=https://dev.azure.com/russell0640/_apis/projects/bc7689df-a090-4e78-a35f-bbfb3284fa4a, state=1, revision=21, visibility=0, lastUpdateTime=2019-07-31T17:05:07.183Z, size=46109718, remoteUrl=https://russell0640@dev.azure.com/russell0640/Business%20Central%20for%20TFB/_git/TFB_BC_Core
2019-10-02T02:18:02.836Z - debug:  [14480] _isTeamServicesUrl: true
2019-10-02T02:18:02.836Z - debug:  [14480] Parsing values from repositoryInfo object as any
2019-10-02T02:18:02.836Z - debug:  [14480] _collection: russell0640
2019-10-02T02:18:02.836Z - debug:  [14480] _collectionId: 45a01cc7-0a90-4cf3-a861-3b670ded71c5
2019-10-02T02:18:02.836Z - debug:  [14480] _repositoryId: fb18d3fc-e6b0-4d3f-a437-7c8440c87e78
2019-10-02T02:18:02.836Z - debug:  [14480] _repositoryName: TFB_BC_Core
2019-10-02T02:18:02.836Z - debug:  [14480] _teamProject: Business Central for TFB
2019-10-02T02:18:02.836Z - debug:  [14480] Finished getting repository information for a Git repository at https://dev.azure.com/russell0640/Business%20Central%20for%20TFB/_git/TFB_BC_Core
2019-10-02T02:18:02.836Z - info:   [14480] Getting connectionData with accountClient
2019-10-02T02:18:02.836Z - debug:  [14480] connectionUrl = https://dev.azure.com/russell0640
2019-10-02T02:18:03.127Z - info:   [14480] Retrieved connectionData with accountClient
2019-10-02T02:18:03.129Z - debug:  [14480] Found pinned queries in user configuration settings.
2019-10-02T02:18:03.129Z - debug:  [14480] No account-specific pinned query or global pinned query found. Using default.
2019-10-02T02:18:03.130Z - info:   [14480] Sent extension start up telemetry
2019-10-02T02:18:03.130Z - debug:  id=9c8c9741-37aa-6862-8468-c73adb4b178b, descriptor=Microsoft.IdentityModel.Claims.ClaimsIdentity;3ce2aa56-64db-4048-9ae4-f0bf827f4459\russell@tfbtrading.com.au, subjectDescriptor=aad.OWM4Yzk3NDEtMzdhYS03ODYyLTg0NjgtYzczYWRiNGIxNzhi, providerDisplayName=Russell Kallman, isActive=true, $type=System.String, $value=russell@tfbtrading.com.au, resourceVersion=2, metaTypeId=0, id=9c8c9741-37aa-6862-8468-c73adb4b178b, descriptor=Microsoft.IdentityModel.Claims.ClaimsIdentity;3ce2aa56-64db-4048-9ae4-f0bf827f4459\russell@tfbtrading.com.au, subjectDescriptor=aad.OWM4Yzk3NDEtMzdhYS03ODYyLTg0NjgtYzczYWRiNGIxNzhi, providerDisplayName=Russell Kallman, isActive=true, $type=System.String, $value=russell@tfbtrading.com.au, resourceVersion=2, metaTypeId=0, instanceId=45a01cc7-0a90-4cf3-a861-3b670ded71c5, deploymentId=82bbd8fd-0b52-0619-71dd-a91e6ecc3650, deploymentType=hosted, serviceOwner=00025394-6065-48ca-87d9-7f5672854ef7, defaultAccessMappingMoniker=PublicAccessMapping, lastChangeId=247328800, lastChangeId64=247328800
2019-10-02T02:18:03.131Z - debug:  [14480] Account: russell0640 Team Project: Business Central for TFB Collection: russell0640 Repository: TFB_BC_Core UserCustomDisplayName: undefined UserProviderDisplayName: Russell Kallman UserId: 9c8c9741-37aa-6862-8468-c73adb4b178b 
2019-10-02T02:18:03.131Z - debug:  [14480] repositoryFolder: c:\Users\RussellKallman\Documents\AL\TFB Tenant Specific Extensions\TFB_BC_Core\.git
2019-10-02T02:18:03.131Z - debug:  [14480] repositoryRemoteUrl: https://dev.azure.com/russell0640/Business%20Central%20for%20TFB/_git/TFB_BC_Core
2019-10-02T02:18:03.131Z - debug:  [14480] gitRepositoryParentFolder: c:\Users\RussellKallman\Documents\AL\TFB Tenant Specific Extensions\TFB_BC_Core
2019-10-02T02:18:03.131Z - debug:  [14480] gitCurrentBranch: master
2019-10-02T02:18:03.131Z - debug:  [14480] gitCurrentRef: refs/heads/master
2019-10-02T02:18:03.131Z - debug:  [14480] IsSsh: true
2019-10-02T02:18:03.131Z - debug:  [14480] proxy: not enabled, azure devops services: true
